<?xml version="1.0" encoding="UTF-8"?>
<testng-results total="1" passed="1" failed="0" skipped="0">
  <reporter-output>
  </reporter-output>
  <suite started-at="2019-06-14T15:06:12Z" name="Default suite" finished-at="2019-06-14T15:07:36Z" duration-ms="84368">
    <groups>
    </groups>
    <test started-at="2019-06-14T15:06:12Z" name="Default test" finished-at="2019-06-14T15:07:36Z" duration-ms="84368">
      <class name="destinations.flightDestinations">
        <test-method signature="flightPageNavigation()[pri:0, instance:destinations.flightDestinations@1ebea008]" started-at="2019-06-14T11:06:12Z" name="flightPageNavigation" finished-at="2019-06-14T11:07:36Z" duration-ms="84332" status="PASS">
          <reporter-output>
          </reporter-output>
        </test-method> <!-- flightPageNavigation -->
      </class> <!-- destinations.flightDestinations -->
    </test> <!-- Default test -->
  </suite> <!-- Default suite -->
</testng-results>
